Performing C SOURCE FILE Test HAVE_XINPUT_GAMEPAD_EX failed with the following output:
Change Dir: C:/Users/User/Documents/WTC/openGL/learningOpenGL/cmake-build-debug/CMakeFiles/CMakeTmp

Run Build Command:"nmake" "/NOLOGO" "cmTC_b71fb\fast"
	"C:\Program Files (x86)\Microsoft Visual Studio\2017\Community\VC\Tools\MSVC\14.14.26428\bin\HostX86\x86\nmake.exe" -f CMakeFiles\cmTC_b71fb.dir\build.make /nologo -L                  CMakeFiles\cmTC_b71fb.dir\build
Building C object CMakeFiles/cmTC_b71fb.dir/src.c.obj
	C:\PROGRA~2\MICROS~4\2017\COMMUN~1\VC\Tools\MSVC\1414~1.264\bin\Hostx86\x86\cl.exe @C:\Users\User\AppData\Local\Temp\nm1F2.tmp
src.c
C:\Users\User\Documents\WTC\openGL\learningOpenGL\cmake-build-debug\CMakeFiles\CMakeTmp\src.c(4): error C2061: syntax error: identifier 'x1'
C:\Users\User\Documents\WTC\openGL\learningOpenGL\cmake-build-debug\CMakeFiles\CMakeTmp\src.c(4): error C2059: syntax error: ';'
NMAKE : fatal error U1077: 'C:\PROGRA~2\MICROS~4\2017\COMMUN~1\VC\Tools\MSVC\1414~1.264\bin\Hostx86\x86\cl.exe' : return code '0x2'
Stop.
NMAKE : fatal error U1077: '"C:\Program Files (x86)\Microsoft Visual Studio\2017\Community\VC\Tools\MSVC\14.14.26428\bin\HostX86\x86\nmake.exe"' : return code '0x2'
Stop.

Source file was:

        #include <windows.h>
        #include <xinput.h>
        XINPUT_GAMEPAD_EX x1;
        int main(int argc, char **argv) { }
Performing C SOURCE FILE Test HAVE_XINPUT_STATE_EX failed with the following output:
Change Dir: C:/Users/User/Documents/WTC/openGL/learningOpenGL/cmake-build-debug/CMakeFiles/CMakeTmp

Run Build Command:"nmake" "/NOLOGO" "cmTC_15731\fast"
	"C:\Program Files (x86)\Microsoft Visual Studio\2017\Community\VC\Tools\MSVC\14.14.26428\bin\HostX86\x86\nmake.exe" -f CMakeFiles\cmTC_15731.dir\build.make /nologo -L                  CMakeFiles\cmTC_15731.dir\build
Building C object CMakeFiles/cmTC_15731.dir/src.c.obj
	C:\PROGRA~2\MICROS~4\2017\COMMUN~1\VC\Tools\MSVC\1414~1.264\bin\Hostx86\x86\cl.exe @C:\Users\User\AppData\Local\Temp\nm609.tmp
src.c
C:\Users\User\Documents\WTC\openGL\learningOpenGL\cmake-build-debug\CMakeFiles\CMakeTmp\src.c(4): error C2061: syntax error: identifier 's1'
C:\Users\User\Documents\WTC\openGL\learningOpenGL\cmake-build-debug\CMakeFiles\CMakeTmp\src.c(4): error C2059: syntax error: ';'
NMAKE : fatal error U1077: 'C:\PROGRA~2\MICROS~4\2017\COMMUN~1\VC\Tools\MSVC\1414~1.264\bin\Hostx86\x86\cl.exe' : return code '0x2'
Stop.
NMAKE : fatal error U1077: '"C:\Program Files (x86)\Microsoft Visual Studio\2017\Community\VC\Tools\MSVC\14.14.26428\bin\HostX86\x86\nmake.exe"' : return code '0x2'
Stop.

Source file was:

        #include <windows.h>
        #include <xinput.h>
        XINPUT_STATE_EX s1;
        int main(int argc, char **argv) { }
